[staalk - Acct: 1] 2013-09-20 14:30:57,786  INFO : No user data found. Return code 404. Assuming new user account...
[staalk - Acct: 1] 2013-09-20 15:13:08,408  INFO : No user data found. Return code 404. Assuming new user account...
[ - Acct: ] 2013-09-20 15:13:36,232  INFO : Downloaded 2,83 kilobytes in 0,068 seconds (41,544kb/s)
[ - Acct: ] 2013-09-20 15:13:54,488  INFO : Downloaded 2,83 kilobytes in 0,015 seconds (188,333kb/s)
[ - Acct: ] 2013-09-20 15:14:46,769  INFO : Downloaded 2,83 kilobytes in 0,019 seconds (148,684kb/s)
[staalk - Acct: 1] 2013-09-20 15:15:59,883  INFO : Downloaded 2,83 kilobytes in 0,230 seconds (12,283kb/s)
[ - Acct: ] 2013-09-20 15:16:05,561  INFO : Downloaded 2,83 kilobytes in 0,021 seconds (134,524kb/s)
[staalk - Acct: 1] 2013-09-20 15:49:09,858  INFO : Downloaded 2,83 kilobytes in 1,422 seconds (1,987kb/s)
[staalk - Acct: 1] 2013-09-20 15:56:50,628  INFO : Downloaded 2,83 kilobytes in 0,092 seconds (30,707kb/s)
[ - Acct: ] 2013-09-20 15:58:18,214  INFO : Downloaded 2,83 kilobytes in 0,086 seconds (32,849kb/s)
[ - Acct: ] 2013-09-20 15:58:28,297  INFO : Downloaded 2,83 kilobytes in 0,104 seconds (27,163kb/s)
[ - Acct: ] 2013-09-20 16:00:20,075  INFO : Downloaded 2,83 kilobytes in 0,014 seconds (201,786kb/s)
[staalk - Acct: 1] 2013-09-20 16:28:16,383  INFO : Downloaded 2,83 kilobytes in 0,323 seconds (8,746kb/s)
[matthijsvdr - Acct: 2] 2013-09-23 09:37:37,664  INFO : No user data found. Return code 404. Assuming new user account...
[ - Acct: ] 2013-09-23 09:38:39,130  INFO : Downloaded 2,83 kilobytes in 0,046 seconds (61,543kb/s)
[staalk - Acct: 1] 2013-09-23 09:42:07,443  INFO : No user data found. Return code 404. Assuming new user account...
[ - Acct: ] 2013-09-23 09:42:09,082  INFO : Downloaded 2,83 kilobytes in 0,018 seconds (156,944kb/s)
[ - Acct: ] 2013-09-23 09:42:29,755  INFO : Downloaded 2,83 kilobytes in 0,033 seconds (85,606kb/s)
[staalk - Acct: 1] 2013-09-23 09:43:31,590  INFO : Downloaded 2,83 kilobytes in 0,012 seconds (235,417kb/s)
[ - Acct: ] 2013-09-23 09:43:33,446  INFO : Downloaded 2,83 kilobytes in 0,015 seconds (188,333kb/s)
[staalk - Acct: 1] 2013-09-23 09:54:00,114  INFO : Downloaded 2,83 kilobytes in 0,488 seconds (5,789kb/s)
[staalk - Acct: 1] 2013-09-23 09:56:34,593  INFO : Downloaded 2,83 kilobytes in 0,279 seconds (10,125kb/s)
[staalk - Acct: 1] 2013-09-23 10:08:24,397  INFO : Downloaded 3,08 kilobytes in 0,023 seconds (133,783kb/s)
[staalk - Acct: 1] 2013-09-23 10:13:06,760  INFO : Downloaded 3,08 kilobytes in 0,257 seconds (11,973kb/s)
[staalk - Acct: 1] 2013-09-23 10:14:04,598  INFO : Downloaded 3,08 kilobytes in 0,024 seconds (128,208kb/s)
[staalk - Acct: 1] 2013-09-23 10:36:30,701  INFO : Downloaded 4,17 kilobytes in 0,240 seconds (17,362kb/s)
[staalk - Acct: 1] 2013-09-23 10:52:42,811  INFO : Downloaded 3,90 kilobytes in 0,024 seconds (162,625kb/s)
[staalk - Acct: 1] 2013-09-23 13:19:15,578  INFO : Downloaded 5,23 kilobytes in 0,450 seconds (11,631kb/s)
[staalk - Acct: 1] 2013-09-23 13:23:01,148  INFO : Downloaded 5,99 kilobytes in 0,062 seconds (96,629kb/s)
[ - Acct: ] 2013-09-23 13:54:46,242  INFO : Downloaded 7,03 kilobytes in 0,038 seconds (185,132kb/s)
[ - Acct: ] 2013-09-23 14:26:14,089  INFO : Downloaded 7,07 kilobytes in 0,014 seconds (505,357kb/s)
[ - Acct: ] 2013-09-23 14:50:59,498  INFO : Downloaded 7,35 kilobytes in 0,013 seconds (565,231kb/s)
[staalk - Acct: 1] 2013-09-23 14:52:17,814  INFO : Downloaded 7,35 kilobytes in 0,033 seconds (222,667kb/s)
[staalk - Acct: 1] 2013-09-23 14:53:55,272  INFO : Downloaded 6,51 kilobytes in 0,021 seconds (310,095kb/s)
[staalk - Acct: 1] 2013-09-23 16:47:38,040  INFO : Downloaded 6,67 kilobytes in 0,327 seconds (20,401kb/s)
[staalk - Acct: 1] 2013-09-23 16:47:52,626  INFO : Downloaded 6,51 kilobytes in 0,033 seconds (197,364kb/s)
[staalk - Acct: 1] 2013-09-23 16:48:36,422  INFO : Downloaded 6,51 kilobytes in 0,024 seconds (271,417kb/s)
[staalk - Acct: 1] 2013-09-23 16:50:26,340  INFO : Downloaded 2,09 kilobytes in 0,030 seconds (69,567kb/s)
[staalk - Acct: 1] 2013-09-23 16:51:56,810  INFO : No user data found. Return code 404. Assuming new user account...
[staalk - Acct: 1] 2013-09-23 16:53:17,357  INFO : Downloaded 3,36 kilobytes in 0,041 seconds (81,854kb/s)
[staalk - Acct: 1] 2013-09-23 16:53:24,489  INFO : Downloaded 7,47 kilobytes in 0,033 seconds (226,242kb/s)
[staalk - Acct: 1] 2013-09-23 16:55:43,331  INFO : Downloaded 7,47 kilobytes in 0,247 seconds (30,227kb/s)
[staalk - Acct: 1] 2013-09-23 16:55:49,642  INFO : Downloaded 7,47 kilobytes in 0,021 seconds (355,524kb/s)
[staalk - Acct: 1] 2013-09-23 16:56:01,683  INFO : Downloaded 3,41 kilobytes in 0,030 seconds (113,733kb/s)
[staalk - Acct: 1] 2013-09-23 16:56:47,395  INFO : Downloaded 3,41 kilobytes in 0,024 seconds (142,167kb/s)
[staalk - Acct: 1] 2013-09-23 16:56:58,795  INFO : Downloaded 3,49 kilobytes in 0,021 seconds (166,000kb/s)
[ - Acct: ] 2013-09-23 16:57:17,654  INFO : Downloaded 3,36 kilobytes in 0,019 seconds (176,632kb/s)
[staalk - Acct: 1] 2013-09-24 10:11:10,712  INFO : Downloaded 3,36 kilobytes in 0,470 seconds (7,140kb/s)
[staalk - Acct: 1] 2013-09-24 10:11:39,401  INFO : Downloaded 3,48 kilobytes in 0,031 seconds (112,419kb/s)
[staalk - Acct: 1] 2013-09-24 10:12:08,191  INFO : Downloaded 7,85 kilobytes in 0,018 seconds (436,056kb/s)
[staalk - Acct: 1] 2013-09-24 10:12:36,296  INFO : Downloaded 3,44 kilobytes in 0,020 seconds (172,100kb/s)
[staalk - Acct: 1] 2013-09-24 10:36:06,875  INFO : Downloaded 3,44 kilobytes in 0,391 seconds (8,803kb/s)
[staalk - Acct: 1] 2013-09-24 10:36:40,619  INFO : Downloaded 7,54 kilobytes in 0,037 seconds (203,811kb/s)
[staalk - Acct: 1] 2013-09-24 10:43:01,435  INFO : Downloaded 7,54 kilobytes in 0,019 seconds (396,947kb/s)
[staalk - Acct: 1] 2013-09-24 10:58:16,481  INFO : Downloaded 7,54 kilobytes in 0,488 seconds (15,455kb/s)
[staalk - Acct: 1] 2013-09-24 10:58:39,687  INFO : Downloaded 7,55 kilobytes in 0,019 seconds (397,421kb/s)
[staalk - Acct: 1] 2013-09-24 10:59:55,187  INFO : Downloaded 7,76 kilobytes in 0,015 seconds (517,267kb/s)
[matthijsvdr - Acct: 2] 2013-09-24 11:00:04,190  INFO : No user data found. Return code 404. Assuming new user account...
[matthijsvdr - Acct: 2] 2013-09-24 11:00:23,417  INFO : Downloaded 6,70 kilobytes in 0,023 seconds (291,522kb/s)
[matthijsvdr - Acct: 2] 2013-09-24 11:00:39,568  INFO : Downloaded 6,87 kilobytes in 0,056 seconds (122,625kb/s)
[matthijsvdr - Acct: 2] 2013-09-24 11:42:38,671  INFO : Downloaded 6,87 kilobytes in 1,083 seconds (6,341kb/s)
[matthijsvdr - Acct: 2] 2013-09-24 11:42:59,761  INFO : Downloaded 7,08 kilobytes in 0,060 seconds (118,067kb/s)
[matthijsvdr - Acct: 2] 2013-09-24 11:45:44,043  INFO : Downloaded 7,08 kilobytes in 0,481 seconds (14,728kb/s)
[matthijsvdr - Acct: 2] 2013-09-24 12:02:08,098  INFO : Downloaded 7,08 kilobytes in 0,018 seconds (393,556kb/s)
[staalk - Acct: 1] 2013-09-25 09:43:50,329  INFO : Downloaded 7,76 kilobytes in 0,359 seconds (21,613kb/s)
[staalk - Acct: 1] 2013-09-25 09:44:44,613  INFO : Downloaded 7,81 kilobytes in 0,026 seconds (300,269kb/s)
[staalk - Acct: 1] 2013-09-25 09:45:01,234  INFO : Downloaded 7,81 kilobytes in 0,019 seconds (410,895kb/s)
[staalk - Acct: 1] 2013-09-25 09:45:06,426  INFO : Downloaded 7,81 kilobytes in 0,017 seconds (459,235kb/s)
[staalk - Acct: 1] 2013-09-25 09:46:04,194  INFO : Downloaded 7,81 kilobytes in 0,013 seconds (600,538kb/s)
[staalk - Acct: 1] 2013-09-25 09:46:15,123  INFO : Downloaded 7,86 kilobytes in 0,013 seconds (604,231kb/s)
[staalk - Acct: 1] 2013-09-25 09:46:21,229  INFO : Downloaded 7,86 kilobytes in 0,014 seconds (561,071kb/s)
[staalk - Acct: 1] 2013-09-25 09:46:30,611  INFO : Downloaded 7,86 kilobytes in 0,017 seconds (462,059kb/s)
[staalk - Acct: 1] 2013-09-25 09:51:22,293  INFO : Downloaded 3,41 kilobytes in 0,016 seconds (213,250kb/s)
[staalk - Acct: 1] 2013-09-25 09:58:49,978  INFO : Downloaded 3,41 kilobytes in 0,025 seconds (136,480kb/s)
[staalk - Acct: 1] 2013-09-25 09:59:02,681  INFO : Downloaded 7,83 kilobytes in 0,014 seconds (559,143kb/s)
[staalk - Acct: 1] 2013-09-25 09:59:11,294  INFO : Downloaded 7,83 kilobytes in 0,014 seconds (559,143kb/s)
[ - Acct: ] 2013-09-25 09:59:15,862  INFO : Downloaded 7,83 kilobytes in 0,037 seconds (211,649kb/s)
[staalk - Acct: 1] 2013-09-25 09:59:33,515  INFO : Downloaded 7,83 kilobytes in 0,016 seconds (489,437kb/s)
[staalk - Acct: 1] 2013-09-25 09:59:41,662  INFO : Downloaded 7,83 kilobytes in 0,017 seconds (460,647kb/s)
[ - Acct: ] 2013-09-25 10:05:53,478  INFO : Downloaded 7,83 kilobytes in 0,015 seconds (522,067kb/s)
[staalk - Acct: 1] 2013-09-25 10:06:14,815  INFO : Downloaded 7,83 kilobytes in 0,028 seconds (279,679kb/s)
[staalk - Acct: 1] 2013-09-25 10:06:37,832  INFO : Downloaded 5,93 kilobytes in 0,015 seconds (395,267kb/s)
[staalk - Acct: 1] 2013-09-25 10:06:43,125  INFO : Downloaded 5,93 kilobytes in 0,026 seconds (228,038kb/s)
[staalk - Acct: 1] 2013-09-25 10:07:06,265  INFO : Downloaded 5,84 kilobytes in 0,015 seconds (389,067kb/s)
[staalk - Acct: 1] 2013-09-25 10:08:27,485  INFO : Downloaded 5,84 kilobytes in 0,409 seconds (14,269kb/s)
[staalk - Acct: 1] 2013-09-25 10:08:48,994  INFO : Downloaded 3,36 kilobytes in 0,020 seconds (167,750kb/s)
[staalk - Acct: 1] 2013-09-25 10:45:16,231  INFO : Downloaded 3,36 kilobytes in 0,647 seconds (5,185kb/s)
[staalk - Acct: 1] 2013-09-25 10:45:32,281  INFO : Downloaded 3,03 kilobytes in 0,038 seconds (79,711kb/s)
[staalk - Acct: 1] 2013-09-25 11:15:46,154  INFO : No user data found. Return code 404. Assuming new user account...
[matthijsvdr - Acct: 2] 2013-09-25 11:40:33,462  INFO : No user data found. Return code 404. Assuming new user account...
[staalk - Acct: 1] 2013-09-25 11:41:14,918  INFO : No user data found. Return code 404. Assuming new user account...
[staalk - Acct: 1] 2013-09-25 11:54:03,430  INFO : Downloaded 5,82 kilobytes in 0,038 seconds (153,079kb/s)
[staalk - Acct: 1] 2013-09-25 12:58:08,158  INFO : Downloaded 5,82 kilobytes in 0,282 seconds (20,628kb/s)
[staalk - Acct: 1] 2013-09-25 13:35:00,741  INFO : Downloaded 5,82 kilobytes in 0,355 seconds (16,386kb/s)
[ - Acct: ] 2013-09-25 13:35:08,158  INFO : Downloaded 5,82 kilobytes in 0,025 seconds (232,680kb/s)
[staalk - Acct: 1] 2013-09-25 13:36:42,511  INFO : Downloaded 5,82 kilobytes in 0,024 seconds (242,375kb/s)
[staalk - Acct: 1] 2013-09-25 13:53:41,811  INFO : Downloaded 5,82 kilobytes in 0,028 seconds (207,750kb/s)
[staalk - Acct: 1] 2013-09-25 15:37:39,483  INFO : Downloaded 6,22 kilobytes in 0,515 seconds (12,072kb/s)
[ - Acct: ] 2013-09-25 15:47:55,697  INFO : Downloaded 7,12 kilobytes in 0,048 seconds (148,396kb/s)
[staalk - Acct: 1] 2013-09-25 15:51:12,801  INFO : Downloaded 7,12 kilobytes in 0,037 seconds (192,514kb/s)
[ - Acct: ] 2013-09-25 15:54:40,769  INFO : Downloaded 7,14 kilobytes in 0,017 seconds (420,059kb/s)
[staalk - Acct: 1] 2013-09-25 16:44:35,929  INFO : Downloaded 7,30 kilobytes in 0,117 seconds (62,427kb/s)
[ - Acct: ] 2013-09-25 16:44:44,223  INFO : Downloaded 7,14 kilobytes in 0,018 seconds (396,722kb/s)
[staalk - Acct: 1] 2013-09-26 10:42:04,459  INFO : Downloaded 7,34 kilobytes in 0,598 seconds (12,273kb/s)
[staalk - Acct: 1] 2013-09-26 10:47:07,722  INFO : Downloaded 7,82 kilobytes in 0,018 seconds (434,389kb/s)
[staalk - Acct: 1] 2013-09-26 10:47:20,978  INFO : Downloaded 7,82 kilobytes in 0,015 seconds (521,267kb/s)
[staalk - Acct: 1] 2013-09-26 11:01:34,477  INFO : Downloaded 11,99 kilobytes in 0,019 seconds (631,000kb/s)
[staalk - Acct: 1] 2013-09-26 11:26:41,820  INFO : Downloaded 72,75 kilobytes in 0,190 seconds (382,905kb/s)
[staalk - Acct: 1] 2013-09-26 11:26:56,004  INFO : Downloaded 72,75 kilobytes in 0,017 seconds (4279,529kb/s)
[staalk - Acct: 1] 2013-09-26 13:25:10,391  INFO : Downloaded 80,79 kilobytes in 0,029 seconds (2785,724kb/s)
[staalk - Acct: 1] 2013-09-26 13:25:22,559  INFO : Downloaded 80,79 kilobytes in 0,016 seconds (5049,125kb/s)
[staalk - Acct: 1] 2013-09-26 13:25:22,648  INFO : Downloaded 80,79 kilobytes in 0,014 seconds (5770,429kb/s)
[staalk - Acct: 1] 2013-09-26 15:21:46,460  INFO : Downloaded 89,35 kilobytes in 0,016 seconds (5584,625kb/s)
[ - Acct: ] 2013-09-26 15:38:42,347  INFO : Downloaded 89,75 kilobytes in 0,037 seconds (2425,757kb/s)
[staalk - Acct: 1] 2013-09-26 15:49:46,518  INFO : Downloaded 89,97 kilobytes in 0,040 seconds (2249,275kb/s)
[ - Acct: ] 2013-09-26 15:49:49,352  INFO : Downloaded 89,75 kilobytes in 0,015 seconds (5983,533kb/s)
[staalk - Acct: 1] 2013-09-27 08:43:43,668  INFO : Downloaded 89,97 kilobytes in 0,346 seconds (260,032kb/s)
[staalk - Acct: 1] 2013-09-27 08:47:44,238  INFO : Downloaded 89,97 kilobytes in 0,029 seconds (3102,448kb/s)
