2013-09-20 14:30:08,037 ERROR : 

-----------------------------------------------------------

FAILED to send registration email to koen.staal@tass.nl(User : 1, staalk) : Could not parse mail; nested exception is javax.mail.internet.AddressException: Illegal address in string ``''

-----------------------------------------------------------


org.springframework.mail.MailParseException: Could not parse mail; nested exception is javax.mail.internet.AddressException: Illegal address in string ``''
Caused by: 
javax.mail.internet.AddressException: Illegal address in string ``''
	at javax.mail.internet.InternetAddress.<init>(InternetAddress.java:110)
	at org.springframework.mail.javamail.MimeMessageHelper.setFrom(MimeMessageHelper.java:544)
	at org.openremote.modeler.service.impl.UserServiceImpl$1.prepare(UserServiceImpl.java:204)
	at org.springframework.mail.javamail.JavaMailSenderImpl.send(JavaMailSenderImpl.java:344)
	at org.springframework.mail.javamail.JavaMailSenderImpl.send(JavaMailSenderImpl.java:336)
	at org.openremote.modeler.service.impl.UserServiceImpl.sendRegisterActivationEmail(UserServiceImpl.java:239)
	at org.openremote.modeler.service.impl.UserServiceImpl.createUserAccount(UserServiceImpl.java:143)
	at sun.reflect.NativeMethodAccessorImpl.invoke0(Native Method)
	at sun.reflect.NativeMethodAccessorImpl.invoke(NativeMethodAccessorImpl.java:39)
	at sun.reflect.DelegatingMethodAccessorImpl.invoke(DelegatingMethodAccessorImpl.java:25)
	at java.lang.reflect.Method.invoke(Method.java:597)
	at org.springframework.aop.support.AopUtils.invokeJoinpointUsingReflection(AopUtils.java:304)
	at org.springframework.aop.framework.ReflectiveMethodInvocation.invokeJoinpoint(ReflectiveMethodInvocation.java:182)
	at org.springframework.aop.framework.ReflectiveMethodInvocation.proceed(ReflectiveMethodInvocation.java:149)
	at org.springframework.transaction.interceptor.TransactionInterceptor.invoke(TransactionInterceptor.java:106)
	at org.springframework.aop.framework.ReflectiveMethodInvocation.proceed(ReflectiveMethodInvocation.java:171)
	at org.springframework.aop.framework.JdkDynamicAopProxy.invoke(JdkDynamicAopProxy.java:204)
	at com.sun.proxy.$Proxy60.createUserAccount(Unknown Source)
	at org.openremote.modeler.action.AccountController.create(AccountController.java:112)
	at sun.reflect.NativeMethodAccessorImpl.invoke0(Native Method)
	at sun.reflect.NativeMethodAccessorImpl.invoke(NativeMethodAccessorImpl.java:39)
	at sun.reflect.DelegatingMethodAccessorImpl.invoke(DelegatingMethodAccessorImpl.java:25)
	at java.lang.reflect.Method.invoke(Method.java:597)
	at org.springframework.web.servlet.mvc.multiaction.MultiActionController.invokeNamedMethod(MultiActionController.java:445)
	at org.springframework.web.servlet.mvc.multiaction.MultiActionController.handleRequestInternal(MultiActionController.java:382)
	at org.springframework.web.servlet.mvc.AbstractController.handleRequest(AbstractController.java:153)
	at org.springframework.web.servlet.mvc.SimpleControllerHandlerAdapter.handle(SimpleControllerHandlerAdapter.java:48)
	at org.springframework.web.servlet.DispatcherServlet.doDispatch(DispatcherServlet.java:859)
	at org.springframework.web.servlet.DispatcherServlet.doService(DispatcherServlet.java:793)
	at org.springframework.web.servlet.FrameworkServlet.processRequest(FrameworkServlet.java:476)
	at org.springframework.web.servlet.FrameworkServlet.doPost(FrameworkServlet.java:441)
	at javax.servlet.http.HttpServlet.service(HttpServlet.java:637)
	at javax.servlet.http.HttpServlet.service(HttpServlet.java:717)
	at org.apache.catalina.core.ApplicationFilterChain.internalDoFilter(ApplicationFilterChain.java:290)
	at org.apache.catalina.core.ApplicationFilterChain.doFilter(ApplicationFilterChain.java:206)
	at org.springframework.security.util.FilterChainProxy$VirtualFilterChain.doFilter(FilterChainProxy.java:378)
	at org.springframework.security.intercept.web.FilterSecurityInterceptor.invoke(FilterSecurityInterceptor.java:109)
	at org.springframework.security.intercept.web.FilterSecurityInterceptor.doFilter(FilterSecurityInterceptor.java:83)
	at org.springframework.security.util.FilterChainProxy$VirtualFilterChain.doFilter(FilterChainProxy.java:390)
	at org.springframework.security.ui.SessionFixationProtectionFilter.doFilterHttp(SessionFixationProtectionFilter.java:67)
	at org.springframework.security.ui.SpringSecurityFilter.doFilter(SpringSecurityFilter.java:53)
	at org.springframework.security.util.FilterChainProxy$VirtualFilterChain.doFilter(FilterChainProxy.java:390)
	at org.springframework.security.ui.ExceptionTranslationFilter.doFilterHttp(ExceptionTranslationFilter.java:101)
	at org.springframework.security.ui.SpringSecurityFilter.doFilter(SpringSecurityFilter.java:53)
	at org.springframework.security.util.FilterChainProxy$VirtualFilterChain.doFilter(FilterChainProxy.java:390)
	at org.springframework.security.ui.rememberme.RememberMeProcessingFilter.doFilterHttp(RememberMeProcessingFilter.java:109)
	at org.springframework.security.ui.SpringSecurityFilter.doFilter(SpringSecurityFilter.java:53)
	at org.springframework.security.util.FilterChainProxy$VirtualFilterChain.doFilter(FilterChainProxy.java:390)
	at org.springframework.security.wrapper.SecurityContextHolderAwareRequestFilter.doFilterHttp(SecurityContextHolderAwareRequestFilter.java:91)
	at org.springframework.security.ui.SpringSecurityFilter.doFilter(SpringSecurityFilter.java:53)
	at org.springframework.security.util.FilterChainProxy$VirtualFilterChain.doFilter(FilterChainProxy.java:390)
	at org.springframework.security.ui.AbstractProcessingFilter.doFilterHttp(AbstractProcessingFilter.java:277)
	at org.springframework.security.ui.SpringSecurityFilter.doFilter(SpringSecurityFilter.java:53)
	at org.springframework.security.util.FilterChainProxy$VirtualFilterChain.doFilter(FilterChainProxy.java:390)
	at org.springframework.security.ui.logout.LogoutFilter.doFilterHttp(LogoutFilter.java:89)
	at org.springframework.security.ui.SpringSecurityFilter.doFilter(SpringSecurityFilter.java:53)
	at org.springframework.security.util.FilterChainProxy$VirtualFilterChain.doFilter(FilterChainProxy.java:390)
	at org.springframework.security.context.HttpSessionContextIntegrationFilter.doFilterHttp(HttpSessionContextIntegrationFilter.java:235)
	at org.springframework.security.ui.SpringSecurityFilter.doFilter(SpringSecurityFilter.java:53)
	at org.springframework.security.util.FilterChainProxy$VirtualFilterChain.doFilter(FilterChainProxy.java:390)
	at org.springframework.security.util.FilterChainProxy.doFilter(FilterChainProxy.java:175)
	at org.springframework.web.filter.DelegatingFilterProxy.invokeDelegate(DelegatingFilterProxy.java:183)
	at org.springframework.web.filter.DelegatingFilterProxy.doFilter(DelegatingFilterProxy.java:138)
	at org.apache.catalina.core.ApplicationFilterChain.internalDoFilter(ApplicationFilterChain.java:235)
	at org.apache.catalina.core.ApplicationFilterChain.doFilter(ApplicationFilterChain.java:206)
	at org.codehaus.groovy.grails.plugins.gwt.GwtCacheControlFilter.doFilter(GwtCacheControlFilter.java:57)
	at org.apache.catalina.core.ApplicationFilterChain.internalDoFilter(ApplicationFilterChain.java:235)
	at org.apache.catalina.core.ApplicationFilterChain.doFilter(ApplicationFilterChain.java:206)
	at org.apache.catalina.core.StandardWrapperValve.invoke(StandardWrapperValve.java:233)
	at org.apache.catalina.core.StandardContextValve.invoke(StandardContextValve.java:191)
	at org.apache.catalina.core.StandardHostValve.invoke(StandardHostValve.java:128)
	at org.apache.catalina.valves.ErrorReportValve.invoke(ErrorReportValve.java:102)
	at org.apache.catalina.core.StandardEngineValve.invoke(StandardEngineValve.java:109)
	at org.apache.catalina.connector.CoyoteAdapter.service(CoyoteAdapter.java:286)
	at org.apache.coyote.http11.Http11Processor.process(Http11Processor.java:845)
	at org.apache.coyote.http11.Http11Protocol$Http11ConnectionHandler.process(Http11Protocol.java:583)
	at org.apache.tomcat.util.net.JIoEndpoint$SocketProcessor.run(JIoEndpoint.java:354)
	at java.util.concurrent.ThreadPoolExecutor$Worker.runTask(ThreadPoolExecutor.java:895)
	at java.util.concurrent.ThreadPoolExecutor$Worker.run(ThreadPoolExecutor.java:918)
	at java.lang.Thread.run(Thread.java:662)
2013-09-20 15:12:02,532 ERROR : 

-----------------------------------------------------------

FAILED to send registration email to koen.staal@tass.nl(User : 1, staalk) : Could not parse mail; nested exception is javax.mail.internet.AddressException: Illegal address in string ``''

-----------------------------------------------------------


org.springframework.mail.MailParseException: Could not parse mail; nested exception is javax.mail.internet.AddressException: Illegal address in string ``''
Caused by: 
javax.mail.internet.AddressException: Illegal address in string ``''
	at javax.mail.internet.InternetAddress.<init>(InternetAddress.java:110)
	at org.springframework.mail.javamail.MimeMessageHelper.setFrom(MimeMessageHelper.java:544)
	at org.openremote.modeler.service.impl.UserServiceImpl$1.prepare(UserServiceImpl.java:204)
	at org.springframework.mail.javamail.JavaMailSenderImpl.send(JavaMailSenderImpl.java:344)
	at org.springframework.mail.javamail.JavaMailSenderImpl.send(JavaMailSenderImpl.java:336)
	at org.openremote.modeler.service.impl.UserServiceImpl.sendRegisterActivationEmail(UserServiceImpl.java:239)
	at org.openremote.modeler.service.impl.UserServiceImpl.createUserAccount(UserServiceImpl.java:143)
	at sun.reflect.NativeMethodAccessorImpl.invoke0(Native Method)
	at sun.reflect.NativeMethodAccessorImpl.invoke(NativeMethodAccessorImpl.java:39)
	at sun.reflect.DelegatingMethodAccessorImpl.invoke(DelegatingMethodAccessorImpl.java:25)
	at java.lang.reflect.Method.invoke(Method.java:597)
	at org.springframework.aop.support.AopUtils.invokeJoinpointUsingReflection(AopUtils.java:304)
	at org.springframework.aop.framework.ReflectiveMethodInvocation.invokeJoinpoint(ReflectiveMethodInvocation.java:182)
	at org.springframework.aop.framework.ReflectiveMethodInvocation.proceed(ReflectiveMethodInvocation.java:149)
	at org.springframework.transaction.interceptor.TransactionInterceptor.invoke(TransactionInterceptor.java:106)
	at org.springframework.aop.framework.ReflectiveMethodInvocation.proceed(ReflectiveMethodInvocation.java:171)
	at org.springframework.aop.framework.JdkDynamicAopProxy.invoke(JdkDynamicAopProxy.java:204)
	at com.sun.proxy.$Proxy60.createUserAccount(Unknown Source)
	at org.openremote.modeler.action.AccountController.create(AccountController.java:112)
	at sun.reflect.NativeMethodAccessorImpl.invoke0(Native Method)
	at sun.reflect.NativeMethodAccessorImpl.invoke(NativeMethodAccessorImpl.java:39)
	at sun.reflect.DelegatingMethodAccessorImpl.invoke(DelegatingMethodAccessorImpl.java:25)
	at java.lang.reflect.Method.invoke(Method.java:597)
	at org.springframework.web.servlet.mvc.multiaction.MultiActionController.invokeNamedMethod(MultiActionController.java:445)
	at org.springframework.web.servlet.mvc.multiaction.MultiActionController.handleRequestInternal(MultiActionController.java:382)
	at org.springframework.web.servlet.mvc.AbstractController.handleRequest(AbstractController.java:153)
	at org.springframework.web.servlet.mvc.SimpleControllerHandlerAdapter.handle(SimpleControllerHandlerAdapter.java:48)
	at org.springframework.web.servlet.DispatcherServlet.doDispatch(DispatcherServlet.java:859)
	at org.springframework.web.servlet.DispatcherServlet.doService(DispatcherServlet.java:793)
	at org.springframework.web.servlet.FrameworkServlet.processRequest(FrameworkServlet.java:476)
	at org.springframework.web.servlet.FrameworkServlet.doPost(FrameworkServlet.java:441)
	at javax.servlet.http.HttpServlet.service(HttpServlet.java:637)
	at javax.servlet.http.HttpServlet.service(HttpServlet.java:717)
	at org.apache.catalina.core.ApplicationFilterChain.internalDoFilter(ApplicationFilterChain.java:290)
	at org.apache.catalina.core.ApplicationFilterChain.doFilter(ApplicationFilterChain.java:206)
	at org.springframework.security.util.FilterChainProxy$VirtualFilterChain.doFilter(FilterChainProxy.java:378)
	at org.springframework.security.intercept.web.FilterSecurityInterceptor.invoke(FilterSecurityInterceptor.java:109)
	at org.springframework.security.intercept.web.FilterSecurityInterceptor.doFilter(FilterSecurityInterceptor.java:83)
	at org.springframework.security.util.FilterChainProxy$VirtualFilterChain.doFilter(FilterChainProxy.java:390)
	at org.springframework.security.ui.SessionFixationProtectionFilter.doFilterHttp(SessionFixationProtectionFilter.java:67)
	at org.springframework.security.ui.SpringSecurityFilter.doFilter(SpringSecurityFilter.java:53)
	at org.springframework.security.util.FilterChainProxy$VirtualFilterChain.doFilter(FilterChainProxy.java:390)
	at org.springframework.security.ui.ExceptionTranslationFilter.doFilterHttp(ExceptionTranslationFilter.java:101)
	at org.springframework.security.ui.SpringSecurityFilter.doFilter(SpringSecurityFilter.java:53)
	at org.springframework.security.util.FilterChainProxy$VirtualFilterChain.doFilter(FilterChainProxy.java:390)
	at org.springframework.security.ui.rememberme.RememberMeProcessingFilter.doFilterHttp(RememberMeProcessingFilter.java:109)
	at org.springframework.security.ui.SpringSecurityFilter.doFilter(SpringSecurityFilter.java:53)
	at org.springframework.security.util.FilterChainProxy$VirtualFilterChain.doFilter(FilterChainProxy.java:390)
	at org.springframework.security.wrapper.SecurityContextHolderAwareRequestFilter.doFilterHttp(SecurityContextHolderAwareRequestFilter.java:91)
	at org.springframework.security.ui.SpringSecurityFilter.doFilter(SpringSecurityFilter.java:53)
	at org.springframework.security.util.FilterChainProxy$VirtualFilterChain.doFilter(FilterChainProxy.java:390)
	at org.springframework.security.ui.AbstractProcessingFilter.doFilterHttp(AbstractProcessingFilter.java:277)
	at org.springframework.security.ui.SpringSecurityFilter.doFilter(SpringSecurityFilter.java:53)
	at org.springframework.security.util.FilterChainProxy$VirtualFilterChain.doFilter(FilterChainProxy.java:390)
	at org.springframework.security.ui.logout.LogoutFilter.doFilterHttp(LogoutFilter.java:89)
	at org.springframework.security.ui.SpringSecurityFilter.doFilter(SpringSecurityFilter.java:53)
	at org.springframework.security.util.FilterChainProxy$VirtualFilterChain.doFilter(FilterChainProxy.java:390)
	at org.springframework.security.context.HttpSessionContextIntegrationFilter.doFilterHttp(HttpSessionContextIntegrationFilter.java:235)
	at org.springframework.security.ui.SpringSecurityFilter.doFilter(SpringSecurityFilter.java:53)
	at org.springframework.security.util.FilterChainProxy$VirtualFilterChain.doFilter(FilterChainProxy.java:390)
	at org.springframework.security.util.FilterChainProxy.doFilter(FilterChainProxy.java:175)
	at org.springframework.web.filter.DelegatingFilterProxy.invokeDelegate(DelegatingFilterProxy.java:183)
	at org.springframework.web.filter.DelegatingFilterProxy.doFilter(DelegatingFilterProxy.java:138)
	at org.apache.catalina.core.ApplicationFilterChain.internalDoFilter(ApplicationFilterChain.java:235)
	at org.apache.catalina.core.ApplicationFilterChain.doFilter(ApplicationFilterChain.java:206)
	at org.codehaus.groovy.grails.plugins.gwt.GwtCacheControlFilter.doFilter(GwtCacheControlFilter.java:57)
	at org.apache.catalina.core.ApplicationFilterChain.internalDoFilter(ApplicationFilterChain.java:235)
	at org.apache.catalina.core.ApplicationFilterChain.doFilter(ApplicationFilterChain.java:206)
	at org.apache.catalina.core.StandardWrapperValve.invoke(StandardWrapperValve.java:233)
	at org.apache.catalina.core.StandardContextValve.invoke(StandardContextValve.java:191)
	at org.apache.catalina.core.StandardHostValve.invoke(StandardHostValve.java:128)
	at org.apache.catalina.valves.ErrorReportValve.invoke(ErrorReportValve.java:102)
	at org.apache.catalina.core.StandardEngineValve.invoke(StandardEngineValve.java:109)
	at org.apache.catalina.connector.CoyoteAdapter.service(CoyoteAdapter.java:286)
	at org.apache.coyote.http11.Http11Processor.process(Http11Processor.java:845)
	at org.apache.coyote.http11.Http11Protocol$Http11ConnectionHandler.process(Http11Protocol.java:583)
	at org.apache.tomcat.util.net.JIoEndpoint$SocketProcessor.run(JIoEndpoint.java:354)
	at java.util.concurrent.ThreadPoolExecutor$Worker.runTask(ThreadPoolExecutor.java:895)
	at java.util.concurrent.ThreadPoolExecutor$Worker.run(ThreadPoolExecutor.java:918)
	at java.lang.Thread.run(Thread.java:662)
2013-09-23 09:36:44,109 ERROR : 

-----------------------------------------------------------

FAILED to send registration email to matthijs.van.driel@tass.nl(User : 2, matthijsvdr) : Could not parse mail; nested exception is javax.mail.internet.AddressException: Illegal address in string ``''

-----------------------------------------------------------


org.springframework.mail.MailParseException: Could not parse mail; nested exception is javax.mail.internet.AddressException: Illegal address in string ``''
Caused by: 
javax.mail.internet.AddressException: Illegal address in string ``''
	at javax.mail.internet.InternetAddress.<init>(InternetAddress.java:110)
	at org.springframework.mail.javamail.MimeMessageHelper.setFrom(MimeMessageHelper.java:544)
	at org.openremote.modeler.service.impl.UserServiceImpl$1.prepare(UserServiceImpl.java:204)
	at org.springframework.mail.javamail.JavaMailSenderImpl.send(JavaMailSenderImpl.java:344)
	at org.springframework.mail.javamail.JavaMailSenderImpl.send(JavaMailSenderImpl.java:336)
	at org.openremote.modeler.service.impl.UserServiceImpl.sendRegisterActivationEmail(UserServiceImpl.java:239)
	at org.openremote.modeler.service.impl.UserServiceImpl.createUserAccount(UserServiceImpl.java:143)
	at sun.reflect.NativeMethodAccessorImpl.invoke0(Native Method)
	at sun.reflect.NativeMethodAccessorImpl.invoke(NativeMethodAccessorImpl.java:39)
	at sun.reflect.DelegatingMethodAccessorImpl.invoke(DelegatingMethodAccessorImpl.java:25)
	at java.lang.reflect.Method.invoke(Method.java:597)
	at org.springframework.aop.support.AopUtils.invokeJoinpointUsingReflection(AopUtils.java:304)
	at org.springframework.aop.framework.ReflectiveMethodInvocation.invokeJoinpoint(ReflectiveMethodInvocation.java:182)
	at org.springframework.aop.framework.ReflectiveMethodInvocation.proceed(ReflectiveMethodInvocation.java:149)
	at org.springframework.transaction.interceptor.TransactionInterceptor.invoke(TransactionInterceptor.java:106)
	at org.springframework.aop.framework.ReflectiveMethodInvocation.proceed(ReflectiveMethodInvocation.java:171)
	at org.springframework.aop.framework.JdkDynamicAopProxy.invoke(JdkDynamicAopProxy.java:204)
	at com.sun.proxy.$Proxy60.createUserAccount(Unknown Source)
	at org.openremote.modeler.action.AccountController.create(AccountController.java:112)
	at sun.reflect.NativeMethodAccessorImpl.invoke0(Native Method)
	at sun.reflect.NativeMethodAccessorImpl.invoke(NativeMethodAccessorImpl.java:39)
	at sun.reflect.DelegatingMethodAccessorImpl.invoke(DelegatingMethodAccessorImpl.java:25)
	at java.lang.reflect.Method.invoke(Method.java:597)
	at org.springframework.web.servlet.mvc.multiaction.MultiActionController.invokeNamedMethod(MultiActionController.java:445)
	at org.springframework.web.servlet.mvc.multiaction.MultiActionController.handleRequestInternal(MultiActionController.java:382)
	at org.springframework.web.servlet.mvc.AbstractController.handleRequest(AbstractController.java:153)
	at org.springframework.web.servlet.mvc.SimpleControllerHandlerAdapter.handle(SimpleControllerHandlerAdapter.java:48)
	at org.springframework.web.servlet.DispatcherServlet.doDispatch(DispatcherServlet.java:859)
	at org.springframework.web.servlet.DispatcherServlet.doService(DispatcherServlet.java:793)
	at org.springframework.web.servlet.FrameworkServlet.processRequest(FrameworkServlet.java:476)
	at org.springframework.web.servlet.FrameworkServlet.doPost(FrameworkServlet.java:441)
	at javax.servlet.http.HttpServlet.service(HttpServlet.java:637)
	at javax.servlet.http.HttpServlet.service(HttpServlet.java:717)
	at org.apache.catalina.core.ApplicationFilterChain.internalDoFilter(ApplicationFilterChain.java:290)
	at org.apache.catalina.core.ApplicationFilterChain.doFilter(ApplicationFilterChain.java:206)
	at org.springframework.security.util.FilterChainProxy$VirtualFilterChain.doFilter(FilterChainProxy.java:378)
	at org.springframework.security.intercept.web.FilterSecurityInterceptor.invoke(FilterSecurityInterceptor.java:109)
	at org.springframework.security.intercept.web.FilterSecurityInterceptor.doFilter(FilterSecurityInterceptor.java:83)
	at org.springframework.security.util.FilterChainProxy$VirtualFilterChain.doFilter(FilterChainProxy.java:390)
	at org.springframework.security.ui.SessionFixationProtectionFilter.doFilterHttp(SessionFixationProtectionFilter.java:67)
	at org.springframework.security.ui.SpringSecurityFilter.doFilter(SpringSecurityFilter.java:53)
	at org.springframework.security.util.FilterChainProxy$VirtualFilterChain.doFilter(FilterChainProxy.java:390)
	at org.springframework.security.ui.ExceptionTranslationFilter.doFilterHttp(ExceptionTranslationFilter.java:101)
	at org.springframework.security.ui.SpringSecurityFilter.doFilter(SpringSecurityFilter.java:53)
	at org.springframework.security.util.FilterChainProxy$VirtualFilterChain.doFilter(FilterChainProxy.java:390)
	at org.springframework.security.ui.rememberme.RememberMeProcessingFilter.doFilterHttp(RememberMeProcessingFilter.java:109)
	at org.springframework.security.ui.SpringSecurityFilter.doFilter(SpringSecurityFilter.java:53)
	at org.springframework.security.util.FilterChainProxy$VirtualFilterChain.doFilter(FilterChainProxy.java:390)
	at org.springframework.security.wrapper.SecurityContextHolderAwareRequestFilter.doFilterHttp(SecurityContextHolderAwareRequestFilter.java:91)
	at org.springframework.security.ui.SpringSecurityFilter.doFilter(SpringSecurityFilter.java:53)
	at org.springframework.security.util.FilterChainProxy$VirtualFilterChain.doFilter(FilterChainProxy.java:390)
	at org.springframework.security.ui.AbstractProcessingFilter.doFilterHttp(AbstractProcessingFilter.java:277)
	at org.springframework.security.ui.SpringSecurityFilter.doFilter(SpringSecurityFilter.java:53)
	at org.springframework.security.util.FilterChainProxy$VirtualFilterChain.doFilter(FilterChainProxy.java:390)
	at org.springframework.security.ui.logout.LogoutFilter.doFilterHttp(LogoutFilter.java:89)
	at org.springframework.security.ui.SpringSecurityFilter.doFilter(SpringSecurityFilter.java:53)
	at org.springframework.security.util.FilterChainProxy$VirtualFilterChain.doFilter(FilterChainProxy.java:390)
	at org.springframework.security.context.HttpSessionContextIntegrationFilter.doFilterHttp(HttpSessionContextIntegrationFilter.java:235)
	at org.springframework.security.ui.SpringSecurityFilter.doFilter(SpringSecurityFilter.java:53)
	at org.springframework.security.util.FilterChainProxy$VirtualFilterChain.doFilter(FilterChainProxy.java:390)
	at org.springframework.security.util.FilterChainProxy.doFilter(FilterChainProxy.java:175)
	at org.springframework.web.filter.DelegatingFilterProxy.invokeDelegate(DelegatingFilterProxy.java:183)
	at org.springframework.web.filter.DelegatingFilterProxy.doFilter(DelegatingFilterProxy.java:138)
	at org.apache.catalina.core.ApplicationFilterChain.internalDoFilter(ApplicationFilterChain.java:235)
	at org.apache.catalina.core.ApplicationFilterChain.doFilter(ApplicationFilterChain.java:206)
	at org.codehaus.groovy.grails.plugins.gwt.GwtCacheControlFilter.doFilter(GwtCacheControlFilter.java:57)
	at org.apache.catalina.core.ApplicationFilterChain.internalDoFilter(ApplicationFilterChain.java:235)
	at org.apache.catalina.core.ApplicationFilterChain.doFilter(ApplicationFilterChain.java:206)
	at org.apache.catalina.core.StandardWrapperValve.invoke(StandardWrapperValve.java:233)
	at org.apache.catalina.core.StandardContextValve.invoke(StandardContextValve.java:191)
	at org.apache.catalina.core.StandardHostValve.invoke(StandardHostValve.java:128)
	at org.apache.catalina.valves.ErrorReportValve.invoke(ErrorReportValve.java:102)
	at org.apache.catalina.core.StandardEngineValve.invoke(StandardEngineValve.java:109)
	at org.apache.catalina.connector.CoyoteAdapter.service(CoyoteAdapter.java:286)
	at org.apache.coyote.http11.Http11Processor.process(Http11Processor.java:845)
	at org.apache.coyote.http11.Http11Protocol$Http11ConnectionHandler.process(Http11Protocol.java:583)
	at org.apache.tomcat.util.net.JIoEndpoint$SocketProcessor.run(JIoEndpoint.java:354)
	at java.util.concurrent.ThreadPoolExecutor$Worker.runTask(ThreadPoolExecutor.java:895)
	at java.util.concurrent.ThreadPoolExecutor$Worker.run(ThreadPoolExecutor.java:918)
	at java.lang.Thread.run(Thread.java:662)
